<?xml version="1.0" encoding="UTF-8"?>
<!-- Generated by org.testng.reporters.JUnitReportReporter -->
<testsuite hostname="DESKTOP-AFRCN63" failures="0" tests="1" name="day5.ParsingXmlResponse" time="5.344" errors="0" timestamp="2024-09-03T19:44:13 IST" skipped="0">
  <testcase classname="day5.ParsingXmlResponse" name="testXmlResponse" time="5.344"/>
</testsuite> <!-- day5.ParsingXmlResponse -->
