<?xml version="1.0" encoding="UTF-8"?>
<!-- Generated by org.testng.reporters.JUnitReportReporter -->
<testsuite hostname="DESKTOP-AFRCN63" failures="0" tests="1" name="day3.LoggingDemo" time="3.213" errors="0" timestamp="2024-09-01T21:16:05 IST" skipped="0">
  <testcase classname="day3.LoggingDemo" name="testLogsDemo" time="3.213"/>
</testsuite> <!-- day3.LoggingDemo -->
