<?xml version="1.0" encoding="UTF-8"?>
<!-- Generated by org.testng.reporters.JUnitReportReporter -->
<testsuite hostname="DESKTOP-AFRCN63" failures="0" tests="4" name="day1.HTTPRequests" time="6.348" errors="0" timestamp="2024-09-01T16:06:51 IST" skipped="0">
  <testcase classname="day1.HTTPRequests" name="getUser" time="4.169"/>
  <testcase classname="day1.HTTPRequests" name="createUser" time="1.223"/>
  <testcase classname="day1.HTTPRequests" name="updateUser" time="0.478"/>
  <testcase classname="day1.HTTPRequests" name="DeleteUser" time="0.478"/>
</testsuite> <!-- day1.HTTPRequests -->
