<?xml version="1.0" encoding="UTF-8"?>
<!-- Generated by org.testng.reporters.JUnitReportReporter -->
<testsuite hostname="DESKTOP-AFRCN63" failures="0" tests="1" name="day5.FileUploadsSingleAndMultiple" time="2.795" errors="0" timestamp="2024-09-03T13:55:31 IST" skipped="0">
  <testcase classname="day5.FileUploadsSingleAndMultiple" name="multipleFilesUpload" time="2.795"/>
</testsuite> <!-- day5.FileUploadsSingleAndMultiple -->
