<?xml version="1.0" encoding="UTF-8"?>
<!-- Generated by org.testng.reporters.JUnitReportReporter -->
<testsuite hostname="DESKTOP-AFRCN63" failures="0" tests="1" name="day3.PathAndQueryParams" time="3.693" errors="0" timestamp="2024-09-01T19:49:05 IST" skipped="0">
  <testcase classname="day3.PathAndQueryParams" name="testQueryAndPathParams" time="3.693"/>
</testsuite> <!-- day3.PathAndQueryParams -->
