<?xml version="1.0" encoding="UTF-8"?>
<!-- Generated by org.testng.reporters.JUnitReportReporter -->
<testsuite hostname="DESKTOP-AFRCN63" failures="0" tests="1" name="day2.DifferentWaysToCreatePostRequestBody" time="3.987" errors="0" timestamp="2024-09-01T17:51:45 IST" skipped="0">
  <testcase classname="day2.DifferentWaysToCreatePostRequestBody" name="testPostUsingExternalJsonFile" time="3.987"/>
</testsuite> <!-- day2.DifferentWaysToCreatePostRequestBody -->
