<?xml version="1.0" encoding="UTF-8"?>
<!-- Generated by org.testng.reporters.JUnitReportReporter -->
<testsuite hostname="DESKTOP-AFRCN63" failures="0" tests="1" name="day3.HeadersDemo" time="3.353" errors="0" timestamp="2024-09-01T21:08:51 IST" skipped="0">
  <testcase classname="day3.HeadersDemo" name="getAllHeaders" time="3.353"/>
</testsuite> <!-- day3.HeadersDemo -->
