<?xml version="1.0" encoding="UTF-8"?>
<!-- Generated by org.testng.reporters.JUnitReportReporter -->
<testsuite hostname="DESKTOP-AFRCN63" failures="0" tests="1" name="day3.CookiesDemo" time="3.339" errors="0" timestamp="2024-09-01T20:51:28 IST" skipped="0">
  <testcase classname="day3.CookiesDemo" name="testAllCookiesinfo" time="3.339"/>
</testsuite> <!-- day3.CookiesDemo -->
