<?xml version="1.0" encoding="UTF-8"?>
<!-- Generated by org.testng.reporters.JUnitReportReporter -->
<testsuite hostname="DESKTOP-AFRCN63" failures="0" tests="1" name="day3.Headers" time="3.459" errors="0" timestamp="2024-09-01T20:57:22 IST" skipped="0">
  <testcase classname="day3.Headers" name="testHeader" time="3.459"/>
</testsuite> <!-- day3.Headers -->
