<?xml version="1.0" encoding="UTF-8"?>
<!-- Generated by org.testng.reporters.JUnitReportReporter -->
<testsuite hostname="DESKTOP-AFRCN63" failures="0" tests="1" name="day4.ParsingJsonResponseData" time="2.524" errors="0" timestamp="2024-09-01T22:47:41 IST" skipped="0">
  <testcase classname="day4.ParsingJsonResponseData" name="testResponseData" time="2.524"/>
</testsuite> <!-- day4.ParsingJsonResponseData -->
